[debug] [2018-03-23T20:01:00.412Z] ----------------------------------------------------------------------
[debug] [2018-03-23T20:01:00.420Z] Command:       C:\Program Files\nodejs\node.exe C:\Users\ewhee\AppData\Roaming\npm\node_modules\firebase-tools\bin\firebase serve
[debug] [2018-03-23T20:01:00.421Z] CLI Version:   3.17.7
[debug] [2018-03-23T20:01:00.421Z] Platform:      win32
[debug] [2018-03-23T20:01:00.421Z] Node Version:  v8.9.3
[debug] [2018-03-23T20:01:00.422Z] Time:          Fri Mar 23 2018 14:01:00 GMT-0600 (Mountain Daylight Time)
[debug] [2018-03-23T20:01:00.422Z] ----------------------------------------------------------------------
[debug] 
[debug] [2018-03-23T20:01:00.466Z] > command requires scopes: ["email","openid","https://www.googleapis.com/auth/cloudplatformprojects.readonly","https://www.googleapis.com/auth/firebase","https://www.googleapis.com/auth/cloud-platform"]
[debug] [2018-03-23T20:01:00.468Z] > authorizing via signed-in user
[debug] [2018-03-23T20:01:00.472Z] > refreshing access token with scopes: ["email","https://www.googleapis.com/auth/cloud-platform","https://www.googleapis.com/auth/cloudplatformprojects.readonly","https://www.googleapis.com/auth/firebase","openid"]
[debug] [2018-03-23T20:01:00.472Z] >>> HTTP REQUEST POST https://www.googleapis.com/oauth2/v3/token  
 { refresh_token: '1/FvPfhERZbTrZbaQG99P2riPhXbEZMkiFHhopbzCo4qXW3qfb3LlcghrcBX2gshby',
  client_id: '563584335869-fgrhgmd47bqnekij5i8b5pr03ho849e6.apps.googleusercontent.com',
  client_secret: 'j9iVZfS8kkCEFUPaAeJV0sAi',
  grant_type: 'refresh_token',
  scope: 'email https://www.googleapis.com/auth/cloud-platform https://www.googleapis.com/auth/cloudplatformprojects.readonly https://www.googleapis.com/auth/firebase openid' } 
 Fri Mar 23 2018 14:01:00 GMT-0600 (Mountain Daylight Time)
[debug] [2018-03-23T20:01:00.739Z] <<< HTTP RESPONSE 200
[debug] [2018-03-23T20:01:00.781Z] >>> HTTP REQUEST GET https://admin.firebase.com/v1/projects/outdoorrepo-e22c5  
  
 Fri Mar 23 2018 14:01:00 GMT-0600 (Mountain Daylight Time)
[debug] [2018-03-23T20:01:01.265Z] <<< HTTP RESPONSE 200
[debug] [2018-03-23T20:01:01.267Z] >>> HTTP REQUEST GET https://admin.firebase.com/v1/database/outdoorrepo-e22c5/tokens  
  
 Fri Mar 23 2018 14:01:01 GMT-0600 (Mountain Daylight Time)
[debug] [2018-03-23T20:01:01.758Z] <<< HTTP RESPONSE 200
[debug] [2018-03-23T20:01:01.763Z] >>> HTTP REQUEST GET https://cloudresourcemanager.googleapis.com/v1/projects/outdoorrepo-e22c5  
  
 Fri Mar 23 2018 14:01:01 GMT-0600 (Mountain Daylight Time)
[debug] [2018-03-23T20:01:02.098Z] <<< HTTP RESPONSE 200
[info] 
[info] === Serving from 'C:\Users\ewhee\Documents\GitHub\outdoorsRepo'...
[info] 
[debug] [2018-03-23T20:01:02.103Z] >>> HTTP REQUEST GET https://mobilesdk-pa.googleapis.com/v1/projects/565862631025/clients/_:getWebAppConfig  
  
 Fri Mar 23 2018 14:01:02 GMT-0600 (Mountain Daylight Time)
[debug] [2018-03-23T20:01:02.508Z] <<< HTTP RESPONSE 200
[info] i  hosting: Serving hosting files from: public
[info] +  hosting: Local server: http://localhost:5000

[info] Shutting down...
