[debug] [2018-03-14T01:22:28.280Z] ----------------------------------------------------------------------
[debug] [2018-03-14T01:22:28.282Z] Command:       C:\Program Files\nodejs\node.exe C:\Users\ewhee\AppData\Roaming\npm\node_modules\firebase-tools\bin\firebase serve
[debug] [2018-03-14T01:22:28.283Z] CLI Version:   3.17.6
[debug] [2018-03-14T01:22:28.283Z] Platform:      win32
[debug] [2018-03-14T01:22:28.283Z] Node Version:  v8.9.3
[debug] [2018-03-14T01:22:28.283Z] Time:          Tue Mar 13 2018 19:22:28 GMT-0600 (Mountain Daylight Time)
[debug] [2018-03-14T01:22:28.283Z] ----------------------------------------------------------------------
[debug] 
[debug] [2018-03-14T01:22:28.300Z] > command requires scopes: ["email","openid","https://www.googleapis.com/auth/cloudplatformprojects.readonly","https://www.googleapis.com/auth/firebase","https://www.googleapis.com/auth/cloud-platform"]
[debug] [2018-03-14T01:22:28.300Z] > authorizing via signed-in user
[debug] [2018-03-14T01:22:28.303Z] >>> HTTP REQUEST GET https://admin.firebase.com/v1/projects/outdoorrepo-e22c5  
  
 Tue Mar 13 2018 19:22:28 GMT-0600 (Mountain Daylight Time)
[debug] [2018-03-14T01:22:28.994Z] <<< HTTP RESPONSE 200
[debug] [2018-03-14T01:22:28.995Z] >>> HTTP REQUEST GET https://admin.firebase.com/v1/database/outdoorrepo-e22c5/tokens  
  
 Tue Mar 13 2018 19:22:28 GMT-0600 (Mountain Daylight Time)
[debug] [2018-03-14T01:22:29.609Z] <<< HTTP RESPONSE 200
[debug] [2018-03-14T01:22:29.609Z] >>> HTTP REQUEST GET https://cloudresourcemanager.googleapis.com/v1/projects/outdoorrepo-e22c5  
  
 Tue Mar 13 2018 19:22:29 GMT-0600 (Mountain Daylight Time)
[debug] [2018-03-14T01:22:30.236Z] <<< HTTP RESPONSE 200
[info] 
[info] === Serving from 'C:\Users\ewhee\Documents\GitHub\outdoorsRepo'...
[info] 
[debug] [2018-03-14T01:22:30.243Z] >>> HTTP REQUEST GET https://mobilesdk-pa.googleapis.com/v1/projects/565862631025/clients/_:getWebAppConfig  
  
 Tue Mar 13 2018 19:22:30 GMT-0600 (Mountain Daylight Time)
[debug] [2018-03-14T01:22:30.757Z] <<< HTTP RESPONSE 200
[info] i  hosting: Serving hosting files from: public
[info] +  hosting: Local server: http://localhost:5000

[debug] [2018-03-14T01:51:19.098Z] Error: write after end
    at write_ (_http_outgoing.js:625:15)
    at ServerResponse.write (_http_outgoing.js:620:10)
    at ReadStream.ondata (_stream_readable.js:639:20)
    at emitOne (events.js:116:13)
    at ReadStream.emit (events.js:211:7)
    at addChunk (_stream_readable.js:263:12)
    at readableAddChunk (_stream_readable.js:250:11)
    at ReadStream.Readable.push (_stream_readable.js:208:10)
    at onread (fs.js:2050:12)
    at FSReqWrap.wrapper [as oncomplete] (fs.js:658:17)
[error] 
[error] Error: An unexpected error has occurred.
[debug] [2018-03-14T01:55:08.161Z] ----------------------------------------------------------------------
[debug] [2018-03-14T01:55:08.163Z] Command:       C:\Program Files\nodejs\node.exe C:\Users\ewhee\AppData\Roaming\npm\node_modules\firebase-tools\bin\firebase serve
[debug] [2018-03-14T01:55:08.163Z] CLI Version:   3.17.6
[debug] [2018-03-14T01:55:08.163Z] Platform:      win32
[debug] [2018-03-14T01:55:08.163Z] Node Version:  v8.9.3
[debug] [2018-03-14T01:55:08.164Z] Time:          Tue Mar 13 2018 19:55:08 GMT-0600 (Mountain Daylight Time)
[debug] [2018-03-14T01:55:08.164Z] ----------------------------------------------------------------------
[debug] 
[debug] [2018-03-14T01:55:08.176Z] > command requires scopes: ["email","openid","https://www.googleapis.com/auth/cloudplatformprojects.readonly","https://www.googleapis.com/auth/firebase","https://www.googleapis.com/auth/cloud-platform"]
[debug] [2018-03-14T01:55:08.177Z] > authorizing via signed-in user
[debug] [2018-03-14T01:55:08.180Z] >>> HTTP REQUEST GET https://admin.firebase.com/v1/projects/outdoorrepo-e22c5  
  
 Tue Mar 13 2018 19:55:08 GMT-0600 (Mountain Daylight Time)
[debug] [2018-03-14T01:55:09.384Z] <<< HTTP RESPONSE 200
[debug] [2018-03-14T01:55:09.387Z] >>> HTTP REQUEST GET https://admin.firebase.com/v1/database/outdoorrepo-e22c5/tokens  
  
 Tue Mar 13 2018 19:55:09 GMT-0600 (Mountain Daylight Time)
[debug] [2018-03-14T01:55:09.830Z] <<< HTTP RESPONSE 200
[debug] [2018-03-14T01:55:09.834Z] >>> HTTP REQUEST GET https://cloudresourcemanager.googleapis.com/v1/projects/outdoorrepo-e22c5  
  
 Tue Mar 13 2018 19:55:09 GMT-0600 (Mountain Daylight Time)
[debug] [2018-03-14T01:55:10.404Z] <<< HTTP RESPONSE 200
[info] 
[info] === Serving from 'C:\Users\ewhee\Documents\GitHub\outdoorsRepo'...
[info] 
[debug] [2018-03-14T01:55:10.422Z] >>> HTTP REQUEST GET https://mobilesdk-pa.googleapis.com/v1/projects/565862631025/clients/_:getWebAppConfig  
  
 Tue Mar 13 2018 19:55:10 GMT-0600 (Mountain Daylight Time)
[debug] [2018-03-14T01:55:10.966Z] <<< HTTP RESPONSE 200
[info] i  hosting: Serving hosting files from: public
[info] +  hosting: Local server: http://localhost:5000

